\BOOKMARK [0][-]{chapter*.15}{Acknowledgments}{}% 1
\BOOKMARK [0][-]{chapter*.16}{Funding}{}% 2
\BOOKMARK [0][-]{chapter*.17}{Summary \205 English}{}% 3
\BOOKMARK [0][-]{chapter*.18}{Summary \205 Danish}{}% 4
\BOOKMARK [0][-]{chapter*.19}{Papers of the Thesis}{}% 5
\BOOKMARK [0][-]{chapter*.20}{Co-Authored Papers}{}% 6
\BOOKMARK [0][-]{chapter*.21}{Abbreviations}{}% 7
\BOOKMARK [0][-]{chapter*.22}{Preface: Sex and/or Gender?}{}% 8
\BOOKMARK [0][-]{chapter.1}{Introduction}{}% 9
\BOOKMARK [1][-]{section.1.1}{Sex Differences in Mortality and Health}{chapter.1}% 10
\BOOKMARK [2][-]{subsection.1.1.1}{Gaps in Life Expectancy Between Men and Women}{section.1.1}% 11
\BOOKMARK [2][-]{subsection.1.1.2}{The Contribution of Behavior and Biology}{section.1.1}% 12
\BOOKMARK [2][-]{subsection.1.1.3}{The Paradox of Health and Survival}{section.1.1}% 13
\BOOKMARK [1][-]{section.1.2}{Gender and Hospitalization}{chapter.1}% 14
\BOOKMARK [2][-]{subsection.1.2.1}{Hospitalization as a Health Indicator}{section.1.2}% 15
\BOOKMARK [2][-]{subsection.1.2.2}{Gender Patterns in Admission and Mortality}{section.1.2}% 16
\BOOKMARK [2][-]{subsection.1.2.3}{Research Gaps}{section.1.2}% 17
\BOOKMARK [1][-]{section.1.3}{Denmark \205 The Context of the Thesis}{chapter.1}% 18
\BOOKMARK [1][-]{section.1.4}{Aims and Objectives}{chapter.1}% 19
\BOOKMARK [1][-]{section.1.5}{Methods and Materials}{chapter.1}% 20
\BOOKMARK [2][-]{subsection.1.5.1}{Data}{section.1.5}% 21
\BOOKMARK [2][-]{subsection.1.5.2}{Methods}{section.1.5}% 22
\BOOKMARK [1][-]{section.1.6}{Results and Discussion}{chapter.1}% 23
\BOOKMARK [2][-]{subsection.1.6.1}{Main Findings and Contribution to Existing Knowledge}{section.1.6}% 24
\BOOKMARK [2][-]{subsection.1.6.2}{Strengths and Limitations}{section.1.6}% 25
\BOOKMARK [2][-]{subsection.1.6.3}{Conclusion}{section.1.6}% 26
\BOOKMARK [0][-]{chapter.2}{Sex Differences in Mortality Following Hospitalization}{}% 27
\BOOKMARK [1][-]{section.2.1}{Abstract}{chapter.2}% 28
\BOOKMARK [1][-]{section.2.2}{Strengths and Limitations of this Study}{chapter.2}% 29
\BOOKMARK [1][-]{section.2.3}{Background}{chapter.2}% 30
\BOOKMARK [1][-]{section.2.4}{Methods and Materials}{chapter.2}% 31
\BOOKMARK [2][-]{subsection.2.4.1}{Data}{section.2.4}% 32
\BOOKMARK [2][-]{subsection.2.4.2}{Study Population}{section.2.4}% 33
\BOOKMARK [2][-]{subsection.2.4.3}{Patient and Public Involvement}{section.2.4}% 34
\BOOKMARK [2][-]{subsection.2.4.4}{Statistical Analysis}{section.2.4}% 35
\BOOKMARK [1][-]{section.2.5}{Results}{chapter.2}% 36
\BOOKMARK [1][-]{section.2.6}{Discussion}{chapter.2}% 37
\BOOKMARK [2][-]{subsection.2.6.1}{Principle Findings}{section.2.6}% 38
\BOOKMARK [2][-]{subsection.2.6.2}{Strengths and Weaknesses of the Study}{section.2.6}% 39
\BOOKMARK [2][-]{subsection.2.6.3}{Interpretation and Implications in Light of Previous Findings}{section.2.6}% 40
\BOOKMARK [2][-]{subsection.2.6.4}{Conclusion}{section.2.6}% 41
\BOOKMARK [1][-]{section.2.7}{Supplementary Material}{chapter.2}% 42
\BOOKMARK [2][-]{subsection.2.7.1}{Supplementary Figures}{section.2.7}% 43
\BOOKMARK [2][-]{subsection.2.7.2}{Supplementary Tables}{section.2.7}% 44
\BOOKMARK [0][-]{chapter.3}{Gender-Specific Changes in Treatment-Seeking Around Admission}{}% 45
\BOOKMARK [1][-]{section.3.1}{Abstract}{chapter.3}% 46
\BOOKMARK [1][-]{section.3.2}{Key Messages}{chapter.3}% 47
\BOOKMARK [1][-]{section.3.3}{Background}{chapter.3}% 48
\BOOKMARK [1][-]{section.3.4}{Methods}{chapter.3}% 49
\BOOKMARK [2][-]{subsection.3.4.1}{Data}{section.3.4}% 50
\BOOKMARK [2][-]{subsection.3.4.2}{Study Population}{section.3.4}% 51
\BOOKMARK [2][-]{subsection.3.4.3}{Study Design and Statistical Modeling}{section.3.4}% 52
\BOOKMARK [1][-]{section.3.5}{Results}{chapter.3}% 53
\BOOKMARK [2][-]{subsection.3.5.1}{Descriptive Statistics}{section.3.5}% 54
\BOOKMARK [2][-]{subsection.3.5.2}{Regression Model}{section.3.5}% 55
\BOOKMARK [2][-]{subsection.3.5.3}{Sensitivity Analysis}{section.3.5}% 56
\BOOKMARK [1][-]{section.3.6}{Discussion}{chapter.3}% 57
\BOOKMARK [2][-]{subsection.3.6.1}{Principal Findings}{section.3.6}% 58
\BOOKMARK [2][-]{subsection.3.6.2}{Strengths and Limitations}{section.3.6}% 59
\BOOKMARK [2][-]{subsection.3.6.3}{Interpretations and Implications}{section.3.6}% 60
\BOOKMARK [2][-]{subsection.3.6.4}{Conclusion}{section.3.6}% 61
\BOOKMARK [1][-]{section.3.7}{Supplementary Material}{chapter.3}% 62
\BOOKMARK [2][-]{subsection.3.7.1}{Supplementary Figures}{section.3.7}% 63
\BOOKMARK [2][-]{subsection.3.7.2}{Supplementary Tables}{section.3.7}% 64
\BOOKMARK [0][-]{chapter.4}{Inequalities in Mean Age at First Hospital Admission}{}% 65
\BOOKMARK [1][-]{section.4.1}{Abstract}{chapter.4}% 66
\BOOKMARK [1][-]{section.4.2}{Key Messages}{chapter.4}% 67
\BOOKMARK [1][-]{section.4.3}{Background}{chapter.4}% 68
\BOOKMARK [1][-]{section.4.4}{Methods and Materials}{chapter.4}% 69
\BOOKMARK [2][-]{subsection.4.4.1}{Data Sources}{section.4.4}% 70
\BOOKMARK [2][-]{subsection.4.4.2}{Study Population}{section.4.4}% 71
\BOOKMARK [2][-]{subsection.4.4.3}{Statistical Analysis}{section.4.4}% 72
\BOOKMARK [1][-]{section.4.5}{Results}{chapter.4}% 73
\BOOKMARK [2][-]{subsection.4.5.1}{Trends in Mean Age}{section.4.5}% 74
\BOOKMARK [2][-]{subsection.4.5.2}{Changes to the Age Distribution}{section.4.5}% 75
\BOOKMARK [2][-]{subsection.4.5.3}{Trends in the Coefficient of Variation}{section.4.5}% 76
\BOOKMARK [2][-]{subsection.4.5.4}{Sensitivity Analyses}{section.4.5}% 77
\BOOKMARK [1][-]{section.4.6}{Discussion}{chapter.4}% 78
\BOOKMARK [2][-]{subsection.4.6.1}{Summary of Findings}{section.4.6}% 79
\BOOKMARK [2][-]{subsection.4.6.2}{Interpretations and Implications}{section.4.6}% 80
\BOOKMARK [2][-]{subsection.4.6.3}{Methodological Considerations}{section.4.6}% 81
\BOOKMARK [2][-]{subsection.4.6.4}{Concluding Theoretical Reflections}{section.4.6}% 82
\BOOKMARK [1][-]{section.4.7}{Supplementary Material}{chapter.4}% 83
\BOOKMARK [2][-]{subsection.4.7.1}{Appendix 1}{section.4.7}% 84
\BOOKMARK [2][-]{subsection.4.7.2}{Appendix 2}{section.4.7}% 85
\BOOKMARK [2][-]{subsection.4.7.3}{Appendix 3}{section.4.7}% 86
\BOOKMARK [2][-]{subsection.4.7.4}{Appendix 4}{section.4.7}% 87
\BOOKMARK [0][-]{chapter.5}{Changes in the Demographic Profile of Hospital Patients}{}% 88
\BOOKMARK [1][-]{section.5.1}{Abstract}{chapter.5}% 89
\BOOKMARK [1][-]{section.5.2}{Introduction}{chapter.5}% 90
\BOOKMARK [1][-]{section.5.3}{Methods and Materials}{chapter.5}% 91
\BOOKMARK [2][-]{subsection.5.3.1}{Linking Register Data}{section.5.3}% 92
\BOOKMARK [2][-]{subsection.5.3.2}{Estimating Hospital Care Use Patterns from Linked Registers}{section.5.3}% 93
\BOOKMARK [2][-]{subsection.5.3.3}{Statistics Denmark's Population Projection}{section.5.3}% 94
\BOOKMARK [2][-]{subsection.5.3.4}{Forecasting the Hospital Care Use}{section.5.3}% 95
\BOOKMARK [1][-]{section.5.4}{Results}{chapter.5}% 96
\BOOKMARK [2][-]{subsection.5.4.1}{Hospital Care Use Patterns in 2014}{section.5.4}% 97
\BOOKMARK [2][-]{subsection.5.4.2}{Changes in the Population Structure}{section.5.4}% 98
\BOOKMARK [2][-]{subsection.5.4.3}{Changes in Hospital Days}{section.5.4}% 99
\BOOKMARK [2][-]{subsection.5.4.4}{Sensitivity Analyses}{section.5.4}% 100
\BOOKMARK [1][-]{section.5.5}{Discussion}{chapter.5}% 101
\BOOKMARK [2][-]{subsection.5.5.1}{Methodological Considerations}{section.5.5}% 102
\BOOKMARK [2][-]{subsection.5.5.2}{Health and Hospital Care Use in Aging Populations}{section.5.5}% 103
\BOOKMARK [2][-]{subsection.5.5.3}{Implications of a Changing Patient Profile}{section.5.5}% 104
\BOOKMARK [2][-]{subsection.5.5.4}{Conclusion}{section.5.5}% 105
\BOOKMARK [1][-]{section.5.6}{Supplementary Material}{chapter.5}% 106
\BOOKMARK [0][-]{chapter*.73}{References}{}% 107
