This is pdfTeX, Version 3.14159265-2.6-1.40.18 (TeX Live 2017/Debian) (preloaded format=pdflatex 2019.10.7)  8 DEC 2020 16:48
entering extended mode
 restricted \write18 enabled.
 %&-line parsing enabled.
**THESIS.tex
(./THESIS.tex
LaTeX2e <2017-04-15>
Babel <3.18> and hyphenation patterns for 84 language(s) loaded.
(/usr/share/texlive/texmf-dist/tex/latex/koma-script/scrbook.cls
Document Class: scrbook 2017/09/07 v3.24 KOMA-Script document class (book)
(/usr/share/texlive/texmf-dist/tex/latex/koma-script/scrkbase.sty
Package: scrkbase 2017/09/07 v3.24 KOMA-Script package (KOMA-Script-dependent b
asics and keyval usage)

(/usr/share/texlive/texmf-dist/tex/latex/koma-script/scrbase.sty
Package: scrbase 2017/09/07 v3.24 KOMA-Script package (KOMA-Script-independent 
basics and keyval usage)

(/usr/share/texlive/texmf-dist/tex/latex/graphics/keyval.sty
Package: keyval 2014/10/28 v1.15 key=value parser (DPC)
\KV@toks@=\toks14
)
(/usr/share/texlive/texmf-dist/tex/latex/koma-script/scrlfile.sty
Package: scrlfile 2017/09/07 v3.24 KOMA-Script package (loading files)
)))
(/usr/share/texlive/texmf-dist/tex/latex/koma-script/tocbasic.sty
Package: tocbasic 2017/09/07 v3.24 KOMA-Script package (handling toc-files)
\scr@dte@tocline@numberwidth=\skip41
\scr@dte@tocline@numbox=\box26
)
Package tocbasic Info: omitting babel extension for `toc'
(tocbasic)             because of feature `nobabel' available
(tocbasic)             for `toc' on input line 135.
Package tocbasic Info: omitting babel extension for `lof'
(tocbasic)             because of feature `nobabel' available
(tocbasic)             for `lof' on input line 137.
Package tocbasic Info: omitting babel extension for `lot'
(tocbasic)             because of feature `nobabel' available
(tocbasic)             for `lot' on input line 138.
Package tocbasic Info: defining new hook before heading of `' on input line 162
3.
Class scrbook Info: You've used standard option `oneside'.
(scrbook)           This is correct!
(scrbook)           Internally I'm using `twoside=false'.
(scrbook)           If you'd like to set the option with \KOMAoptions,
(scrbook)           you'd have to use `twoside=false' there
(scrbook)           instead of `oneside', too.
Class scrbook Info: File `scrsize11pt.clo' used instead of
(scrbook)           file `scrsize11.clo' to setup font sizes on input line 2296
.

(/usr/share/texlive/texmf-dist/tex/latex/koma-script/scrsize11pt.clo
File: scrsize11pt.clo 2017/09/07 v3.24 KOMA-Script font size class option (11pt
)
)
(/usr/share/texlive/texmf-dist/tex/latex/koma-script/typearea.sty
Package: typearea 2017/09/07 v3.24 KOMA-Script package (type area)
\ta@bcor=\skip42
\ta@div=\count79
Package typearea Info: You've used standard option `oneside'.
(typearea)             This is correct!
(typearea)             Internally I'm using `twoside=false'.
(typearea)             If you'd like to set the option with \KOMAoptions,
(typearea)             you'd have to use `twoside=false' there
(typearea)             instead of `oneside', too.
\ta@hblk=\skip43
\ta@vblk=\skip44
\ta@temp=\skip45
\footheight=\skip46
Package typearea Info: These are the values describing the layout:
(typearea)             DIV  = 10
(typearea)             BCOR = 0.0pt
(typearea)             \paperwidth      = 597.50793pt
(typearea)              \textwidth      = 418.25555pt
(typearea)              DIV departure   = -6%
(typearea)              \evensidemargin = 17.3562pt
(typearea)              \oddsidemargin  = 17.3562pt
(typearea)             \paperheight     = 845.04694pt
(typearea)              \textheight     = 595.80026pt
(typearea)              \topmargin      = -25.16531pt
(typearea)              \headheight     = 17.0pt
(typearea)              \headsep        = 20.40001pt
(typearea)              \topskip        = 11.0pt
(typearea)              \footskip       = 47.6pt
(typearea)              \baselineskip   = 13.6pt
(typearea)              on input line 1686.
)
\c@part=\count80
\c@chapter=\count81
\c@section=\count82
\c@subsection=\count83
\c@subsubsection=\count84
\c@paragraph=\count85
\c@subparagraph=\count86
\scr@dte@part@maxnumwidth=\skip47
\scr@dte@chapter@maxnumwidth=\skip48
\scr@dte@section@maxnumwidth=\skip49
\scr@dte@subsection@maxnumwidth=\skip50
\scr@dte@subsubsection@maxnumwidth=\skip51
\scr@dte@paragraph@maxnumwidth=\skip52
\scr@dte@subparagraph@maxnumwidth=\skip53
LaTeX Info: Redefining \textsubscript on input line 4966.
\abovecaptionskip=\skip54
\belowcaptionskip=\skip55
\c@pti@nb@sid@b@x=\box27
\c@figure=\count87
\c@table=\count88
Class scrbook Info: Redefining `\numberline' on input line 6142.
\bibindent=\dimen102
)
(/usr/share/texlive/texmf-dist/tex/generic/babel/babel.sty
Package: babel 2018/02/14 3.18 The Babel package

(/usr/share/texlive/texmf-dist/tex/generic/babel/switch.def
File: switch.def 2018/02/14 3.18 Babel switching mechanism
)
(/usr/share/texlive/texmf-dist/tex/generic/babel-english/english.ldf
Language: english 2017/06/06 v3.3r English support from the babel system

(/usr/share/texlive/texmf-dist/tex/generic/babel/babel.def
File: babel.def 2018/02/14 3.18 Babel common definitions
\babel@savecnt=\count89
\U@D=\dimen103

(/usr/share/texlive/texmf-dist/tex/generic/babel/txtbabel.def)
\bbl@dirlevel=\count90
)
\l@canadian = a dialect from \language\l@american 
\l@australian = a dialect from \language\l@british 
\l@newzealand = a dialect from \language\l@british 
))
(/usr/share/texlive/texmf-dist/tex/latex/graphics/graphicx.sty
Package: graphicx 2017/06/01 v1.1a Enhanced LaTeX Graphics (DPC,SPQR)

(/usr/share/texlive/texmf-dist/tex/latex/graphics/graphics.sty
Package: graphics 2017/06/25 v1.2c Standard LaTeX Graphics (DPC,SPQR)

(/usr/share/texlive/texmf-dist/tex/latex/graphics/trig.sty
Package: trig 2016/01/03 v1.10 sin cos tan (DPC)
)
(/usr/share/texlive/texmf-dist/tex/latex/graphics-cfg/graphics.cfg
File: graphics.cfg 2016/06/04 v1.11 sample graphics configuration
)
Package graphics Info: Driver file: pdftex.def on input line 99.

(/usr/share/texlive/texmf-dist/tex/latex/graphics-def/pdftex.def
File: pdftex.def 2018/01/08 v1.0l Graphics/color driver for pdftex
))
\Gin@req@height=\dimen104
\Gin@req@width=\dimen105
)
(/usr/share/texlive/texmf-dist/tex/latex/overpic/overpic.sty
Package: overpic 2017/10/06 1.0 picture overlays

(/usr/share/texlive/texmf-dist/tex/latex/eepic/epic.sty
Enhancements to Picture Environment. Version 1.2 - Released June 1, 1986
\@@multicnt=\count91
\d@lta=\count92
\@delta=\dimen106
\@@delta=\dimen107
\@gridcnt=\count93
\@joinkind=\count94
\@dotgap=\dimen108
\@ddotgap=\dimen109
\@x@diff=\count95
\@y@diff=\count96
\x@diff=\dimen110
\y@diff=\dimen111
\@dotbox=\box28
\num@segments=\count97
\num@segmentsi=\count98
\@datafile=\read1
)) (/usr/share/texlive/texmf-dist/tex/latex/float/float.sty
Package: float 2001/11/08 v1.3d Float enhancements (AL)
\c@float@type=\count99
\float@exts=\toks15
\float@box=\box29
\@float@everytoks=\toks16
\@floatcapt=\box30
)
(/usr/share/texlive/texmf-dist/tex/latex/caption/caption.sty
Package: caption 2016/02/21 v3.3-144 Customizing captions (AR)

(/usr/share/texlive/texmf-dist/tex/latex/caption/caption3.sty
Package: caption3 2016/05/22 v1.7-166 caption3 kernel (AR)
Package caption3 Info: TeX engine: e-TeX on input line 67.
\captionmargin=\dimen112
\captionmargin@=\dimen113
\captionwidth=\dimen114
\caption@tempdima=\dimen115
\caption@indent=\dimen116
\caption@parindent=\dimen117
\caption@hangindent=\dimen118
)
Package caption Info: KOMA-Script document class.
\c@ContinuedFloat=\count100
Package caption Info: float package is loaded.
)
(/usr/share/texlive/texmf-dist/tex/latex/caption/subcaption.sty
Package: subcaption 2016/05/22 v1.1-161 Sub-captions (AR)
\c@subfigure=\count101
\c@subtable=\count102
)
(/usr/share/texlive/texmf-dist/tex/latex/natbib/natbib.sty
Package: natbib 2010/09/13 8.31b (PWD, AO)
\bibhang=\skip56
\bibsep=\skip57
LaTeX Info: Redefining \cite on input line 694.
\c@NAT@ctr=\count103
)
(/usr/share/texlive/texmf-dist/tex/latex/hyperref/hyperref.sty
Package: hyperref 2018/02/06 v6.86b Hypertext links for LaTeX

(/usr/share/texlive/texmf-dist/tex/generic/oberdiek/hobsub-hyperref.sty
Package: hobsub-hyperref 2016/05/16 v1.14 Bundle oberdiek, subset hyperref (HO)


(/usr/share/texlive/texmf-dist/tex/generic/oberdiek/hobsub-generic.sty
Package: hobsub-generic 2016/05/16 v1.14 Bundle oberdiek, subset generic (HO)
Package: hobsub 2016/05/16 v1.14 Construct package bundles (HO)
Package: infwarerr 2016/05/16 v1.4 Providing info/warning/error messages (HO)
Package: ltxcmds 2016/05/16 v1.23 LaTeX kernel commands for general use (HO)
Package: ifluatex 2016/05/16 v1.4 Provides the ifluatex switch (HO)
Package ifluatex Info: LuaTeX not detected.
Package: ifvtex 2016/05/16 v1.6 Detect VTeX and its facilities (HO)
Package ifvtex Info: VTeX not detected.
Package: intcalc 2016/05/16 v1.2 Expandable calculations with integers (HO)
Package: ifpdf 2017/03/15 v3.2 Provides the ifpdf switch
Package: etexcmds 2016/05/16 v1.6 Avoid name clashes with e-TeX commands (HO)
Package etexcmds Info: Could not find \expanded.
(etexcmds)             That can mean that you are not using pdfTeX 1.50 or
(etexcmds)             that some package has redefined \expanded.
(etexcmds)             In the latter case, load this package earlier.
Package: kvsetkeys 2016/05/16 v1.17 Key value parser (HO)
Package: kvdefinekeys 2016/05/16 v1.4 Define keys (HO)
Package: pdftexcmds 2018/01/21 v0.26 Utility functions of pdfTeX for LuaTeX (HO
)
Package pdftexcmds Info: LuaTeX not detected.
Package pdftexcmds Info: \pdf@primitive is available.
Package pdftexcmds Info: \pdf@ifprimitive is available.
Package pdftexcmds Info: \pdfdraftmode found.
Package: pdfescape 2016/05/16 v1.14 Implements pdfTeX's escape features (HO)
Package: bigintcalc 2016/05/16 v1.4 Expandable calculations on big integers (HO
)
Package: bitset 2016/05/16 v1.2 Handle bit-vector datatype (HO)
Package: uniquecounter 2016/05/16 v1.3 Provide unlimited unique counter (HO)
)
Package hobsub Info: Skipping package `hobsub' (already loaded).
Package: letltxmacro 2016/05/16 v1.5 Let assignment for LaTeX macros (HO)
Package: hopatch 2016/05/16 v1.3 Wrapper for package hooks (HO)
Package: xcolor-patch 2016/05/16 xcolor patch
Package: atveryend 2016/05/16 v1.9 Hooks at the very end of document (HO)
Package atveryend Info: \enddocument detected (standard20110627).
Package: atbegshi 2016/06/09 v1.18 At begin shipout hook (HO)
Package: refcount 2016/05/16 v3.5 Data extraction from label references (HO)
Package: hycolor 2016/05/16 v1.8 Color options for hyperref/bookmark (HO)
)
(/usr/share/texlive/texmf-dist/tex/generic/ifxetex/ifxetex.sty
Package: ifxetex 2010/09/12 v0.6 Provides ifxetex conditional
)
(/usr/share/texlive/texmf-dist/tex/latex/oberdiek/auxhook.sty
Package: auxhook 2016/05/16 v1.4 Hooks for auxiliary files (HO)
)
(/usr/share/texlive/texmf-dist/tex/latex/oberdiek/kvoptions.sty
Package: kvoptions 2016/05/16 v3.12 Key value format for package options (HO)
)
\@linkdim=\dimen119
\Hy@linkcounter=\count104
\Hy@pagecounter=\count105

(/usr/share/texlive/texmf-dist/tex/latex/hyperref/pd1enc.def
File: pd1enc.def 2018/02/06 v6.86b Hyperref: PDFDocEncoding definition (HO)
)
\Hy@SavedSpaceFactor=\count106

(/usr/share/texlive/texmf-dist/tex/latex/latexconfig/hyperref.cfg
File: hyperref.cfg 2002/06/06 v1.2 hyperref configuration of TeXLive
)
Package hyperref Info: Hyper figures OFF on input line 4509.
Package hyperref Info: Link nesting OFF on input line 4514.
Package hyperref Info: Hyper index ON on input line 4517.
Package hyperref Info: Plain pages OFF on input line 4524.
Package hyperref Info: Backreferencing OFF on input line 4529.
Package hyperref Info: Implicit mode ON; LaTeX internals redefined.
Package hyperref Info: Bookmarks ON on input line 4762.
\c@Hy@tempcnt=\count107

(/usr/share/texlive/texmf-dist/tex/latex/url/url.sty
\Urlmuskip=\muskip10
Package: url 2013/09/16  ver 3.4  Verb mode for urls, etc.
)
LaTeX Info: Redefining \url on input line 5115.
\XeTeXLinkMargin=\dimen120
\Fld@menulength=\count108
\Field@Width=\dimen121
\Fld@charsize=\dimen122
Package hyperref Info: Hyper figures OFF on input line 6369.
Package hyperref Info: Link nesting OFF on input line 6374.
Package hyperref Info: Hyper index ON on input line 6377.
Package hyperref Info: backreferencing OFF on input line 6384.
Package hyperref Info: Link coloring OFF on input line 6389.
Package hyperref Info: Link coloring with OCG OFF on input line 6394.
Package hyperref Info: PDF/A mode OFF on input line 6399.
LaTeX Info: Redefining \ref on input line 6439.
LaTeX Info: Redefining \pageref on input line 6443.
\Hy@abspage=\count109
\c@Item=\count110
\c@Hfootnote=\count111
)
Package hyperref Info: Driver (autodetected): hpdftex.

(/usr/share/texlive/texmf-dist/tex/latex/hyperref/hpdftex.def
File: hpdftex.def 2018/02/06 v6.86b Hyperref driver for pdfTeX
\Fld@listcount=\count112
\c@bookmark@seq@number=\count113

(/usr/share/texlive/texmf-dist/tex/latex/oberdiek/rerunfilecheck.sty
Package: rerunfilecheck 2016/05/16 v1.8 Rerun checks for auxiliary files (HO)
Package uniquecounter Info: New unique counter `rerunfilecheck' on input line 2
82.
)
\Hy@SectionHShift=\skip58
)
(/usr/share/texlive/texmf-dist/tex/latex/tocbibind/tocbibind.sty
Package: tocbibind 2010/10/13 v1.5k extra ToC listings
Package tocbibind Info: The document has chapter divisions on input line 50.


Package tocbibind Note: Using chapter style headings, unless overridden.

) (/usr/share/texlive/texmf-dist/tex/latex/setspace/setspace.sty
Package: setspace 2011/12/19 v6.7a set line spacing
)
(/usr/share/texlive/texmf-dist/tex/latex/booktabs/booktabs.sty
Package: booktabs 2016/04/27 v1.618033 publication quality tables
\heavyrulewidth=\dimen123
\lightrulewidth=\dimen124
\cmidrulewidth=\dimen125
\belowrulesep=\dimen126
\belowbottomsep=\dimen127
\aboverulesep=\dimen128
\abovetopsep=\dimen129
\cmidrulesep=\dimen130
\cmidrulekern=\dimen131
\defaultaddspace=\dimen132
\@cmidla=\count114
\@cmidlb=\count115
\@aboverulesep=\dimen133
\@belowrulesep=\dimen134
\@thisruleclass=\count116
\@lastruleclass=\count117
\@thisrulewidth=\dimen135
)
(/usr/share/texlive/texmf-dist/tex/latex/tools/hhline.sty
Package: hhline 2014/10/28 v2.03 Table rule package (DPC)
)
(/usr/share/texlive/texmf-dist/tex/latex/doi/doi.sty
Package: doi 2007/07/24 handle doi numbers
)
(/usr/share/texlive/texmf-dist/tex/latex/graphics/color.sty
Package: color 2016/07/10 v1.1e Standard LaTeX Color (DPC)

(/usr/share/texlive/texmf-dist/tex/latex/graphics-cfg/color.cfg
File: color.cfg 2016/01/02 v1.6 sample color configuration
)
Package color Info: Driver file: pdftex.def on input line 147.
)
(/usr/share/texlive/texmf-dist/tex/latex/geometry/geometry.sty
Package: geometry 2010/09/12 v5.6 Page Geometry
\Gm@cnth=\count118
\Gm@cntv=\count119
\c@Gm@tempcnt=\count120
\Gm@bindingoffset=\dimen136
\Gm@wd@mp=\dimen137
\Gm@odd@mp=\dimen138
\Gm@even@mp=\dimen139
\Gm@layoutwidth=\dimen140
\Gm@layoutheight=\dimen141
\Gm@layouthoffset=\dimen142
\Gm@layoutvoffset=\dimen143
\Gm@dimlist=\toks17
)
(/usr/share/texlive/texmf-dist/tex/latex/pdfpages/pdfpages.sty
Package: pdfpages 2017/10/31 v0.5l Insert pages of external PDF documents (AM)

(/usr/share/texlive/texmf-dist/tex/latex/base/ifthen.sty
Package: ifthen 2014/09/29 v1.1c Standard LaTeX ifthen package (DPC)
)
(/usr/share/texlive/texmf-dist/tex/latex/tools/calc.sty
Package: calc 2014/10/28 v4.3 Infix arithmetic (KKT,FJ)
\calc@Acount=\count121
\calc@Bcount=\count122
\calc@Adimen=\dimen144
\calc@Bdimen=\dimen145
\calc@Askip=\skip59
\calc@Bskip=\skip60
LaTeX Info: Redefining \setlength on input line 80.
LaTeX Info: Redefining \addtolength on input line 81.
\calc@Ccount=\count123
\calc@Cskip=\skip61
)
(/usr/share/texlive/texmf-dist/tex/latex/eso-pic/eso-pic.sty
Package: eso-pic 2015/07/21 v2.0g eso-pic (RN)
)
\AM@pagewidth=\dimen146
\AM@pageheight=\dimen147

(/usr/share/texlive/texmf-dist/tex/latex/pdfpages/pppdftex.def
File: pppdftex.def 2017/10/31 v0.5l Pdfpages driver for pdfTeX (AM)
)
\AM@pagebox=\box31
\AM@global@opts=\toks18
\AM@toc@title=\toks19
\c@AM@survey=\count124
\AM@templatesizebox=\box32
)
(/usr/share/texlive/texmf-dist/tex/latex/graphics/lscape.sty
Package: lscape 2000/10/22 v3.01 Landscape Pages (DPC)
) (./THESIS.aux)
\openout1 = `THESIS.aux'.

LaTeX Font Info:    Checking defaults for OML/cmm/m/it on input line 50.
LaTeX Font Info:    ... okay on input line 50.
LaTeX Font Info:    Checking defaults for T1/cmr/m/n on input line 50.
LaTeX Font Info:    ... okay on input line 50.
LaTeX Font Info:    Checking defaults for OT1/cmr/m/n on input line 50.
LaTeX Font Info:    ... okay on input line 50.
LaTeX Font Info:    Checking defaults for OMS/cmsy/m/n on input line 50.
LaTeX Font Info:    ... okay on input line 50.
LaTeX Font Info:    Checking defaults for OMX/cmex/m/n on input line 50.
LaTeX Font Info:    ... okay on input line 50.
LaTeX Font Info:    Checking defaults for U/cmr/m/n on input line 50.
LaTeX Font Info:    ... okay on input line 50.
LaTeX Font Info:    Checking defaults for PD1/pdf/m/n on input line 50.
LaTeX Font Info:    ... okay on input line 50.

(/usr/share/texlive/texmf-dist/tex/context/base/mkii/supp-pdf.mkii
[Loading MPS to PDF converter (version 2006.09.02).]
\scratchcounter=\count125
\scratchdimen=\dimen148
\scratchbox=\box33
\nofMPsegments=\count126
\nofMParguments=\count127
\everyMPshowfont=\toks20
\MPscratchCnt=\count128
\MPscratchDim=\dimen149
\MPnumerator=\count129
\makeMPintoPDFobject=\count130
\everyMPtoPDFconversion=\toks21
) (/usr/share/texlive/texmf-dist/tex/latex/oberdiek/epstopdf-base.sty
Package: epstopdf-base 2016/05/15 v2.6 Base part for package epstopdf

(/usr/share/texlive/texmf-dist/tex/latex/oberdiek/grfext.sty
Package: grfext 2016/05/16 v1.2 Manage graphics extensions (HO)
)
Package epstopdf-base Info: Redefining graphics rule for `.eps' on input line 4
38.
Package grfext Info: Graphics extension search list:
(grfext)             [.pdf,.png,.jpg,.mps,.jpeg,.jbig2,.jb2,.PDF,.PNG,.JPG,.JPE
G,.JBIG2,.JB2,.eps]
(grfext)             \AppendGraphicsExtensions on input line 456.

(/usr/share/texlive/texmf-dist/tex/latex/latexconfig/epstopdf-sys.cfg
File: epstopdf-sys.cfg 2010/07/13 v1.3 Configuration of (r)epstopdf for TeX Liv
e
))
Package caption Info: Begin \AtBeginDocument code.
Package caption Info: hyperref package is loaded.
Package caption Info: End \AtBeginDocument code.
\AtBeginShipoutBox=\box34
Package hyperref Info: Link coloring OFF on input line 50.

(/usr/share/texlive/texmf-dist/tex/latex/hyperref/nameref.sty
Package: nameref 2016/05/21 v2.44 Cross-referencing by name of section

(/usr/share/texlive/texmf-dist/tex/generic/oberdiek/gettitlestring.sty
Package: gettitlestring 2016/05/16 v1.5 Cleanup title references (HO)
)
\c@section@level=\count131
)
LaTeX Info: Redefining \ref on input line 50.
LaTeX Info: Redefining \pageref on input line 50.
LaTeX Info: Redefining \nameref on input line 50.

(./THESIS.out) (./THESIS.out)
\@outlinefile=\write3
\openout3 = `THESIS.out'.


*geometry* driver: auto-detecting
*geometry* detected driver: pdftex
*geometry* verbose mode - [ preamble ] result:
* driver: pdftex
* paper: <default>
* layout: <same size as paper>
* layoutoffset:(h,v)=(0.0pt,0.0pt)
* modes: 
* h-part:(L,W,R)=(99.58464pt, 398.33865pt, 99.58464pt)
* v-part:(T,H,B)=(99.58464pt, 645.87766pt, 99.58464pt)
* \paperwidth=597.50793pt
* \paperheight=845.04694pt
* \textwidth=398.33865pt
* \textheight=645.87766pt
* \oddsidemargin=27.31465pt
* \evensidemargin=27.31465pt
* \topmargin=-10.08536pt
* \headheight=17.0pt
* \headsep=20.40001pt
* \topskip=11.0pt
* \footskip=47.6pt
* \marginparwidth=59.7508pt
* \marginparsep=12.8401pt
* \columnsep=10.0pt
* \skip\footins=10.0pt plus 4.0pt minus 2.0pt
* \hoffset=0.0pt
* \voffset=0.0pt
* \mag=1000
* \@twocolumnfalse
* \@twosidefalse
* \@mparswitchfalse
* \@reversemarginfalse
* (1in=72.27pt=25.4mm, 1cm=28.453pt)

(/usr/share/texlive/texmf-dist/tex/latex/oberdiek/pdflscape.sty
Package: pdflscape 2016/05/14 v0.11 Display of landscape pages in PDF (HO)
Package pdflscape Info: Auto-detected driver: pdftex on input line 81.
)
LaTeX Font Info:    External font `cmex10' loaded for size
(Font)              <14.4> on input line 53.
LaTeX Font Info:    External font `cmex10' loaded for size
(Font)              <7> on input line 53.
 [1



{/var/lib/texmf/fonts/map/pdftex/updmap/pdftex.map}]

LaTeX Font Warning: Font shape `OT1/cmr/bx/sc' undefined
(Font)              using `OT1/cmr/bx/n' instead on input line 66.

[1



] [2


] (./THESIS.toc
LaTeX Font Info:    External font `cmex10' loaded for size
(Font)              <10.95> on input line 11.
LaTeX Font Info:    External font `cmex10' loaded for size
(Font)              <8> on input line 11.
LaTeX Font Info:    External font `cmex10' loaded for size
(Font)              <6> on input line 11.
 [3


] [4]
Overfull \hbox (1.095pt too wide) detected at line 108
 []\OT1/cmss/bx/n/10.95 117
 []

)
\tf@toc=\write4
\openout4 = `THESIS.toc'.

 (./Intro/acknowledgments.tex [5]
chapter without number

Class scrbook Warning: \float@addtolists detected!
(scrbook)              Implementation of \float@addtolist became
(scrbook)              deprecated in KOMA-Script v3.01 2008/11/14 and
(scrbook)              has been replaced by several more flexible
(scrbook)              features of package `tocbasic`.
(scrbook)              Since Version 3.12 support for deprecated
(scrbook)              \float@addtolist interface has been
(scrbook)              restricted to only some of the KOMA-Script
(scrbook)              features and been removed from others.
(scrbook)              Loading of package `scrhack' may help to
(scrbook)              avoid this warning, if you are using a
(scrbook)              a package that still implements the
(scrbook)              deprecated \float@addtolist interface .

[6


] [7]
chapter without number
) (./Intro/summary-english.tex [8


]
chapter without number
[9


]) (./Intro/summary-danish.tex [10]
chapter without number
[11


]) (./Intro/thesis-papers.tex [12]
chapter without number

Underfull \hbox (badness 10000) in paragraph at lines 5--6

 []


Underfull \hbox (badness 10000) in paragraph at lines 8--14

 []


Overfull \hbox (1.1797pt too wide) in paragraph at lines 16--20
[]$[]$\OT1/cmr/m/sc/10.95 , Jutta Gampe, Rune Lin-dahl Ja-cob-sen, Kaare Chris-

 []


Underfull \hbox (badness 10000) in paragraph at lines 16--20

 []


Underfull \hbox (badness 10000) in paragraph at lines 22--25

 []

) (./Intro/co-author.tex [13


]
chapter without number

Underfull \hbox (badness 10000) in paragraph at lines 4--8

 []


Overfull \hbox (10.71219pt too wide) in paragraph at lines 10--15
[]\OT1/cmr/m/sc/10.95 Anna Ok-suzyan, Torsten Sauer, Jutta Gampe, $[]$, Mette
 []


Underfull \hbox (badness 10000) in paragraph at lines 10--15

 []


Overfull \hbox (0.82747pt too wide) in paragraph at lines 17--21
\OT1/cmr/m/sc/10.95 Chris-tensen, and Anna Ok-suzyan: \OT1/cmr/m/n/10.95 Gen-de
r dif-fer-ences in the use of anti-infective
 []

) (./Intro/abbreviations.tex [14


]
chapter without number

Underfull \hbox (badness 10000) in paragraph at lines 4--7

 []


Underfull \hbox (badness 10000) in paragraph at lines 9--27

 []


Underfull \hbox (badness 10000) in paragraph at lines 29--47

 []


Overfull \hbox (30.88606pt too wide) in paragraph at lines 8--48
[]$[]$ $[]$ 
 []

) (./Intro/preface.tex [15


]
chapter without number
[16


]) [17] (./Summary/summary_chapter.tex
chapter 1.

Underfull \hbox (badness 10000) in paragraph at lines 40--47

 []

pdfTeX warning (ext4): destination with the same identifier (name{page.1}) has 
been already used, duplicate ignored
<to be read again> 
                   \relax 
l.47 
      [1



]
<Summary/PLOT/INTRODUCTION/PLOT_INTRO.pdf, id=701, 781.92125pt x 639.38875pt>
File: Summary/PLOT/INTRODUCTION/PLOT_INTRO.pdf Graphic file (type pdf)
<use Summary/PLOT/INTRODUCTION/PLOT_INTRO.pdf>
Package pdftex.def Info: Summary/PLOT/INTRODUCTION/PLOT_INTRO.pdf  used on inpu
t line 52.
(pdftex.def)             Requested size: 379.23135pt x 310.10316pt.
 [2 <./Summary/PLOT/INTRODUCTION/PLOT_INTRO.pdf>] [3]
Underfull \hbox (badness 10000) in paragraph at lines 149--156

 []

[4] [5]
Underfull \hbox (badness 10000) in paragraph at lines 216--223

 []

[6]
Underfull \hbox (badness 10000) in paragraph at lines 268--281

 []

[7]
LaTeX Font Info:    External font `cmex10' loaded for size
(Font)              <9> on input line 314.
LaTeX Font Info:    External font `cmex10' loaded for size
(Font)              <5> on input line 314.

Underfull \hbox (badness 10000) in paragraph at lines 317--331

 []

<Summary/PLOT/HEALTHCARE_ANALYSIS/HOSP_Patterns.pdf, id=873, 853.1875pt x 853.1
875pt>
File: Summary/PLOT/HEALTHCARE_ANALYSIS/HOSP_Patterns.pdf Graphic file (type pdf
)
<use Summary/PLOT/HEALTHCARE_ANALYSIS/HOSP_Patterns.pdf>
Package pdftex.def Info: Summary/PLOT/HEALTHCARE_ANALYSIS/HOSP_Patterns.pdf  us
ed on input line 337.
(pdftex.def)             Requested size: 362.6064pt x 362.6064pt.
[8]
Overfull \hbox (2.15805pt too wide) in paragraph at lines 348--363
\OT1/cmr/m/n/10.95 Women have a higher risk of ad-mis-sion to hos-pi-tal for a 
num-ber of less life-threatening
 []

[9 <./Summary/PLOT/HEALTHCARE_ANALYSIS/HOSP_Patterns.pdf>]
Underfull \hbox (badness 10000) in paragraph at lines 380--389

 []

[10]
Underfull \hbox (badness 10000) in paragraph at lines 449--469

 []

[11] [12]
Underfull \hbox (badness 10000) in paragraph at lines 529--542

 []

[13]
Underfull \hbox (badness 10000) in paragraph at lines 561--563

 []


Underfull \hbox (badness 10000) in paragraph at lines 593--602

 []

[14]
<Summary/PLOT/DATA/PLOT_DATA.pdf, id=1065, 914.98595pt x 550.18182pt>
File: Summary/PLOT/DATA/PLOT_DATA.pdf Graphic file (type pdf)
<use Summary/PLOT/DATA/PLOT_DATA.pdf>
Package pdftex.def Info: Summary/PLOT/DATA/PLOT_DATA.pdf  used on input line 60
7.
(pdftex.def)             Requested size: 388.87086pt x 233.82837pt.

Underfull \hbox (badness 10000) in paragraph at lines 615--626

 []


Underfull \hbox (badness 10000) in paragraph at lines 630--641

 []

[15 <./Summary/PLOT/DATA/PLOT_DATA.pdf>]
Underfull \hbox (badness 10000) in paragraph at lines 645--654

 []

[16]
Underfull \hbox (badness 10000) in paragraph at lines 700--705

 []

[17]
Underfull \hbox (badness 10000) in paragraph at lines 749--755

 []


Underfull \hbox (badness 10000) in paragraph at lines 775--783

 []

[18]
Underfull \hbox (badness 10000) in paragraph at lines 788--804

 []


Underfull \hbox (badness 10000) in paragraph at lines 809--826

 []

[19]
Underfull \hbox (badness 10000) in paragraph at lines 852--867

 []

[20]
Underfull \hbox (badness 10000) in paragraph at lines 893--911

 []

[21] [22]
Underfull \hbox (badness 10000) in paragraph at lines 955--964

 []

[23]
Underfull \hbox (badness 10000) in paragraph at lines 987--1006

 []

[24]
Overfull \hbox (9.2279pt too wide) in paragraph at lines 1035--1047
[]\OT1/cmr/m/n/10.95 In the the-sis, hos-pi-tal records were used to mea-sure h
ealth at both the individual-
 []

[25] [26] [27]
Underfull \hbox (badness 10000) in paragraph at lines 1192--1214

 []

[28] [29]) (./Paper_1/paper1.tex [30]
chapter 2.
[31


]
LaTeX Font Info:    Try loading font information for OMS+cmr on input line 70.
 (/usr/share/texlive/texmf-dist/tex/latex/base/omscmr.fd
File: omscmr.fd 2014/09/29 v2.5h Standard LaTeX font definitions
)
LaTeX Font Info:    Font shape `OMS/cmr/m/n' in size <10.95> not available
(Font)              Font shape `OMS/cmsy/m/n' tried instead on input line 70.
 [32] [33]
Missing character: There is no ‚ in font cmr10!
Missing character: There is no Ä in font cmr10!
Missing character: There is no î in font cmr10!

Underfull \hbox (badness 10000) in paragraph at lines 138--147

 []

[34]
Underfull \hbox (badness 10000) in paragraph at lines 154--177

 []

[35]
Underfull \hbox (badness 10000) in paragraph at lines 194--218

 []

[36]
Underfull \hbox (badness 10000) in paragraph at lines 220--227

 []


Underfull \hbox (badness 10000) in paragraph at lines 229--253

 []

[37] [38] [39] [40

]
<Paper_1/Paper1_Fig_1.PDF, id=1444, 853.1875pt x 853.1875pt>
File: Paper_1/Paper1_Fig_1.PDF Graphic file (type pdf)
<use Paper_1/Paper1_Fig_1.PDF>
Package pdftex.def Info: Paper_1/Paper1_Fig_1.PDF  used on input line 394.
(pdftex.def)             Requested size: 362.6064pt x 362.6064pt.
 [41

 <./Paper_1/Paper1_Fig_1.PDF>]
Underfull \hbox (badness 10000) in paragraph at lines 435--450

 []

<Paper_1/Paper1_Fig_2.PDF, id=1460, 853.1875pt x 853.1875pt>
File: Paper_1/Paper1_Fig_2.PDF Graphic file (type pdf)
<use Paper_1/Paper1_Fig_2.PDF>
Package pdftex.def Info: Paper_1/Paper1_Fig_2.PDF  used on input line 456.
(pdftex.def)             Requested size: 362.6064pt x 362.6064pt.
[42]
Underfull \hbox (badness 10000) in paragraph at lines 470--482

 []

[43 <./Paper_1/Paper1_Fig_2.PDF>] [44] [45] [46]
Underfull \hbox (badness 10000) in paragraph at lines 601--626

 []

[47]
Underfull \hbox (badness 10000) in paragraph at lines 628--636

 []

[48]
<Paper_1/Paper1_SuppFig_1S.pdf, id=1548, 853.1875pt x 853.1875pt>
File: Paper_1/Paper1_SuppFig_1S.pdf Graphic file (type pdf)
<use Paper_1/Paper1_SuppFig_1S.pdf>
Package pdftex.def Info: Paper_1/Paper1_SuppFig_1S.pdf  used on input line 654.

(pdftex.def)             Requested size: 362.6064pt x 362.6064pt.
 [49 <./Paper_1/Paper1_SuppFig_1S.pdf>] [50] [51]) (./Paper_2/paper2.tex
chapter 3.
[52




]
Overfull \hbox (3.54207pt too wide) in paragraph at lines 30--56
\OT1/cmr/m/n/10.95 (0.806-0.836); MI: 0.796 (0.778-0.814); COPD: 0.855 (0.832-0
.878); GIC: 0.859 (0.838-
 []


Underfull \hbox (badness 10000) in paragraph at lines 30--56

 []

[53] [54]
Underfull \hbox (badness 10000) in paragraph at lines 126--136

 []

[55]
Underfull \hbox (badness 10000) in paragraph at lines 146--160

 []

[56]
Underfull \hbox (badness 10000) in paragraph at lines 183--187

 []


Underfull \hbox (badness 10000) in paragraph at lines 190--200

 []

[57]
<Paper_2/MAIN_Figure_1.pdf, id=1636, 685.17332pt x 294.94226pt>
File: Paper_2/MAIN_Figure_1.pdf Graphic file (type pdf)
<use Paper_2/MAIN_Figure_1.pdf>
Package pdftex.def Info: Paper_2/MAIN_Figure_1.pdf  used on input line 204.
(pdftex.def)             Requested size: 376.84648pt x 162.21873pt.

Underfull \hbox (badness 10000) in paragraph at lines 223--231

 []

[58 <./Paper_2/MAIN_Figure_1.pdf>]
<Paper_2/MAIN_Figure_2.pdf, id=1707, 597.23125pt x 597.23125pt>
File: Paper_2/MAIN_Figure_2.pdf Graphic file (type pdf)
<use Paper_2/MAIN_Figure_2.pdf>
Package pdftex.def Info: Paper_2/MAIN_Figure_2.pdf  used on input line 235.
(pdftex.def)             Requested size: 358.3415pt x 358.3415pt.
 [59 <./Paper_2/MAIN_Figure_2.pdf>] [60]
[61

]
Underfull \hbox (badness 10000) in paragraph at lines 306--309

 []

[62

] [63] [64

]
Underfull \hbox (badness 10000) in paragraph at lines 445--451

 []

<Paper_2/MAIN_Figure_3.pdf, id=1759, 853.1875pt x 597.23125pt>
File: Paper_2/MAIN_Figure_3.pdf Graphic file (type pdf)
<use Paper_2/MAIN_Figure_3.pdf>
Package pdftex.def Info: Paper_2/MAIN_Figure_3.pdf  used on input line 455.
(pdftex.def)             Requested size: 362.6064pt x 253.82448pt.

Underfull \hbox (badness 10000) in paragraph at lines 465--477

 []

[65

 <./Paper_2/MAIN_Figure_3.pdf>]
Underfull \hbox (badness 10000) in paragraph at lines 485--493

 []


Underfull \hbox (badness 10000) in paragraph at lines 503--518

 []

[66]
Missing character: There is no ‚ in font cmr10!
Missing character: There is no Ä in font cmr10!
Missing character: There is no ì in font cmr10!

Underfull \hbox (badness 10000) in paragraph at lines 542--579

 []

[67]
Underfull \hbox (badness 10000) in paragraph at lines 581--588

 []

[68] [69]
<Paper_2/SUPP_Figure_1_COPD.pdf, id=1821, 853.1875pt x 597.23125pt>
File: Paper_2/SUPP_Figure_1_COPD.pdf Graphic file (type pdf)
<use Paper_2/SUPP_Figure_1_COPD.pdf>
Package pdftex.def Info: Paper_2/SUPP_Figure_1_COPD.pdf  used on input line 606
.
(pdftex.def)             Requested size: 371.13358pt x 259.79349pt.
<Paper_2/SUPP_Figure_2_STROKE.pdf, id=1822, 853.1875pt x 597.23125pt>
File: Paper_2/SUPP_Figure_2_STROKE.pdf Graphic file (type pdf)
<use Paper_2/SUPP_Figure_2_STROKE.pdf>
Package pdftex.def Info: Paper_2/SUPP_Figure_2_STROKE.pdf  used on input line 6
18.
(pdftex.def)             Requested size: 371.13358pt x 259.79349pt.
 [70 <./Paper_2/SUPP_Figure_1_COPD.pdf>]
<Paper_2/SUPP_Figure_3_GIC.pdf, id=1833, 853.1875pt x 597.23125pt>
File: Paper_2/SUPP_Figure_3_GIC.pdf Graphic file (type pdf)
<use Paper_2/SUPP_Figure_3_GIC.pdf>
Package pdftex.def Info: Paper_2/SUPP_Figure_3_GIC.pdf  used on input line 629.

(pdftex.def)             Requested size: 371.13358pt x 259.79349pt.
 [71 <./Paper_2/SUPP_Figure_2_STROKE.pdf> <./Paper_2/SUPP_Figure_3_GIC.pdf>] [7
2] [73

] [74

]

LaTeX Warning: Float too large for page by 2.45181pt on input line 774.

[75]) (./Paper_3/paper3.tex
chapter 4.
[76




] [77] [78] [79]
Underfull \hbox (badness 10000) in paragraph at lines 135--151

 []


Underfull \hbox (badness 10000) in paragraph at lines 161--170

 []


Underfull \hbox (badness 10000) in paragraph at lines 173--182

 []

[80]
<Paper_3/Figure_1.pdf, id=1929, 659.76216pt x 457.46909pt>
File: Paper_3/Figure_1.pdf Graphic file (type pdf)
<use Paper_3/Figure_1.pdf>
Package pdftex.def Info: Paper_3/Figure_1.pdf  used on input line 186.
(pdftex.def)             Requested size: 395.86035pt x 274.48357pt.

Underfull \hbox (badness 10000) in paragraph at lines 194--210

 []

[81 <./Paper_3/Figure_1.pdf>]
Underfull \hbox (badness 10000) in paragraph at lines 230--237

 []

[82]
<Paper_3/Figure_2.pdf, id=1956, 794.29327pt x 572.082pt>
File: Paper_3/Figure_2.pdf Graphic file (type pdf)
<use Paper_3/Figure_2.pdf>
Package pdftex.def Info: Paper_3/Figure_2.pdf  used on input line 250.
(pdftex.def)             Requested size: 377.29323pt x 271.74176pt.

Underfull \hbox (badness 10000) in paragraph at lines 257--267

 []

[83 <./Paper_3/Figure_2.pdf>]
<Paper_3/Figure_3.pdf, id=1967, 814.59471pt x 554.28387pt>
File: Paper_3/Figure_3.pdf Graphic file (type pdf)
<use Paper_3/Figure_3.pdf>
Package pdftex.def Info: Paper_3/Figure_3.pdf  used on input line 276.
(pdftex.def)             Requested size: 386.93651pt x 263.28757pt.

Underfull \hbox (badness 10000) in paragraph at lines 283--295

 []

[84 <./Paper_3/Figure_3.pdf>]
Underfull \hbox (badness 10000) in paragraph at lines 298--305

 []

<Paper_3/Figure_4.pdf, id=1977, 768.91649pt x 539.0284pt>
File: Paper_3/Figure_4.pdf Graphic file (type pdf)
<use Paper_3/Figure_4.pdf>
Package pdftex.def Info: Paper_3/Figure_4.pdf  used on input line 309.
(pdftex.def)             Requested size: 365.23912pt x 256.04115pt.

Underfull \hbox (badness 10000) in paragraph at lines 319--327

 []

[85 <./Paper_3/Figure_4.pdf>]
Underfull \hbox (badness 10000) in paragraph at lines 337--346

 []

[86]
Underfull \hbox (badness 10000) in paragraph at lines 364--379

 []

[87]
Overfull \hbox (4.90872pt too wide) in paragraph at lines 397--401
[]\OT1/cmr/m/n/10.95 We at-tempted to ex-clude re-admissions to hos-pi-tal by a
p-ply-ing a 7-year washout
 []


Underfull \hbox (badness 10000) in paragraph at lines 412--424

 []

[88]
Underfull \hbox (badness 10000) in paragraph at lines 426--443

 []

[89]
<Paper_3/Appendix_1.pdf, id=2036, 725.77594pt x 523.77286pt>
File: Paper_3/Appendix_1.pdf Graphic file (type pdf)
<use Paper_3/Appendix_1.pdf>
Package pdftex.def Info: Paper_3/Appendix_1.pdf  used on input line 461.
(pdftex.def)             Requested size: 362.88707pt x 261.88579pt.
 [90 <./Paper_3/Appendix_1.pdf>] [91]
<Paper_3/Appendix_2.pdf, id=2049, 773.99185pt x 549.19872pt>
File: Paper_3/Appendix_2.pdf Graphic file (type pdf)
<use Paper_3/Appendix_2.pdf>
Package pdftex.def Info: Paper_3/Appendix_2.pdf  used on input line 506.
(pdftex.def)             Requested size: 503.08875pt x 356.97493pt.
 [92

 <./Paper_3/Appendix_2.pdf>]
Underfull \hbox (badness 10000) in paragraph at lines 525--534

 []

[93

]
<Paper_3/Appendix_3.pdf, id=2065, 806.98167pt x 274.59935pt>
File: Paper_3/Appendix_3.pdf Graphic file (type pdf)
<use Paper_3/Appendix_3.pdf>
Package pdftex.def Info: Paper_3/Appendix_3.pdf  used on input line 542.
(pdftex.def)             Requested size: 625.40434pt x 212.81229pt.
 [94

 <./Paper_3/Appendix_3.pdf>]

pdfTeX warning: pdflatex (file ./Paper_3/Appendix_4.pdf): PDF inclusion: found 
PDF version <1.6>, but at most version <1.5> allowed
<Paper_3/Appendix_4.pdf, id=2075, 289.08pt x 397.485pt>
File: Paper_3/Appendix_4.pdf Graphic file (type pdf)
<use Paper_3/Appendix_4.pdf>
Package pdftex.def Info: Paper_3/Appendix_4.pdf  used on input line 564.
(pdftex.def)             Requested size: 390.25879pt x 536.60585pt.
) (./Paper_4/paper4.tex [95

 <./Paper_3/Appendix_4.pdf>]
chapter 5.
[96


]
Underfull \hbox (badness 10000) in paragraph at lines 22--53

 []

[97] [98]
Underfull \hbox (badness 10000) in paragraph at lines 109--112

 []

Missing character: There is no Ô in font cmr10!
Missing character: There is no ¨ in font cmr10!
Missing character: There is no Å in font cmr10!

Underfull \hbox (badness 10000) in paragraph at lines 121--131

 []

[99]
Underfull \hbox (badness 10000) in paragraph at lines 143--150

 []


Underfull \hbox (badness 10000) in paragraph at lines 153--163

 []


Underfull \hbox (badness 10000) in paragraph at lines 166--177

 []

[100]
Underfull \hbox (badness 10000) in paragraph at lines 187--199

 []

<Paper_4/MAIN_Figure_1.pdf, id=2154, 853.1875pt x 639.38875pt>
File: Paper_4/MAIN_Figure_1.pdf Graphic file (type pdf)
<use Paper_4/MAIN_Figure_1.pdf>
Package pdftex.def Info: Paper_4/MAIN_Figure_1.pdf  used on input line 203.
(pdftex.def)             Requested size: 371.13358pt x 278.13185pt.
[101]
Underfull \hbox (badness 10000) in paragraph at lines 217--228

 []

[102 <./Paper_4/MAIN_Figure_1.pdf>]
<Paper_4/MAIN_Figure_2.pdf, id=2171, 830.12839pt x 639.38875pt>
File: Paper_4/MAIN_Figure_2.pdf Graphic file (type pdf)
<use Paper_4/MAIN_Figure_2.pdf>
Package pdftex.def Info: Paper_4/MAIN_Figure_2.pdf  used on input line 233.
(pdftex.def)             Requested size: 373.55432pt x 287.72227pt.

Underfull \hbox (badness 10000) in paragraph at lines 251--265

 []

[103 <./Paper_4/MAIN_Figure_2.pdf>]
<Paper_4/MAIN_Figure_3.pdf, id=2183, 830.12839pt x 639.38875pt>
File: Paper_4/MAIN_Figure_3.pdf Graphic file (type pdf)
<use Paper_4/MAIN_Figure_3.pdf>
Package pdftex.def Info: Paper_4/MAIN_Figure_3.pdf  used on input line 270.
(pdftex.def)             Requested size: 373.55432pt x 287.72227pt.

Underfull \hbox (badness 10000) in paragraph at lines 279--292

 []

[104 <./Paper_4/MAIN_Figure_3.pdf>]
Underfull \hbox (badness 10000) in paragraph at lines 299--307

 []

[105]
Underfull \hbox (badness 10000) in paragraph at lines 330--340

 []

[106]
Underfull \hbox (badness 10000) in paragraph at lines 369--379

 []

[107]
Underfull \hbox (badness 10000) in paragraph at lines 389--409

 []

[108] [109] [110] [111

]
Underfull \hbox (badness 10000) in paragraph at lines 497--498

 []


Underfull \hbox (badness 10000) in paragraph at lines 514--519

 []

[112

]
<Paper_4/Supplementary_Figure_S1.pdf, id=2267, 853.1875pt x 853.1875pt>
File: Paper_4/Supplementary_Figure_S1.pdf Graphic file (type pdf)
<use Paper_4/Supplementary_Figure_S1.pdf>
Package pdftex.def Info: Paper_4/Supplementary_Figure_S1.pdf  used on input lin
e 533.
(pdftex.def)             Requested size: 383.93083pt x 383.93083pt.
 [113 <./Paper_4/Supplementary_Figure_S1.pdf>]
<Paper_4/Supplementary_Figure_S2.pdf, id=2277, 853.1875pt x 853.1875pt>
File: Paper_4/Supplementary_Figure_S2.pdf Graphic file (type pdf)
<use Paper_4/Supplementary_Figure_S2.pdf>
Package pdftex.def Info: Paper_4/Supplementary_Figure_S2.pdf  used on input lin
e 554.
(pdftex.def)             Requested size: 383.93083pt x 383.93083pt.
 [114 <./Paper_4/Supplementary_Figure_S2.pdf>] [115] [116]) (./THESIS.bbl
Missing character: There is no ‚ in font cmr9!
Missing character: There is no Ä in font cmr9!
Missing character: There is no é in font cmr9!
Missing character: There is no ‚ in font cmr9!
Missing character: There is no Ä in font cmr9!
Missing character: There is no é in font cmr9!
Missing character: There is no ‚ in font cmr9!
Missing character: There is no Ä in font cmr9!
Missing character: There is no ô in font cmr9!
 [117




]
Missing character: There is no ‚ in font cmr9!
Missing character: There is no Ä in font cmr9!
Missing character: There is no ô in font cmr9!
 [118] [119] [120]
Missing character: There is no ‚ in font cmr9!
Missing character: There is no Ä in font cmr9!
Missing character: There is no ô in font cmr9!
Missing character: There is no ‚ in font cmr9!
Missing character: There is no Ä in font cmr9!
Missing character: There is no ú in font cmr9!
Missing character: There is no ‚ in font cmr9!
Missing character: There is no Ä in font cmr9!
Missing character: There is no ù in font cmr9!
 [121]
[122] [123] [124]
Missing character: There is no ‚ in font cmr9!
Missing character: There is no Ä in font cmr9!
Missing character: There is no ô in font cmr9!
 [125] [126]
Missing character: There is no ‚ in font cmr9!
Missing character: There is no Ä in font cmr9!
Missing character: There is no ô in font cmr9!
Missing character: There is no ‚ in font cmr9!
Missing character: There is no Ä in font cmr9!
Missing character: There is no ô in font cmr9!
Missing character: There is no ‚ in font cmr9!
Missing character: There is no Ä in font cmr9!
Missing character: There is no ô in font cmr9!
 [127]
Missing character: There is no ‚ in font cmr9!
Missing character: There is no Ä in font cmr9!
Missing character: There is no ô in font cmr9!
Missing character: There is no ‚ in font cmr9!
Missing character: There is no Ä in font cmr9!
Missing character: There is no ô in font cmr9!
Missing character: There is no ‚ in font cmr9!
Missing character: There is no Ä in font cmr9!
Missing character: There is no ô in font cmr9!
 [128]
Underfull \hbox (badness 2772) in paragraph at lines 913--917
[]\OT1/cmr/m/n/9 Rothman KJ, Green-land S, Lash TL.  Mod-ern Epi-demi-ol-ogy.  
Wolters Kluwer
 []

[129]
Missing character: There is no ‚ in font cmr9!
Missing character: There is no Ä in font cmr9!
Missing character: There is no ò in font cmr9!
Missing character: There is no ‚ in font cmr9!
Missing character: There is no Ä in font cmr9!
Missing character: There is no ô in font cmr9!
 [130] [131]
Missing character: There is no ‚ in font cmr9!
Missing character: There is no Ä in font cmr9!
Missing character: There is no ô in font cmr9!
 [132] [133]
Missing character: There is no ‚ in font cmr9!
Missing character: There is no Ä in font cmr9!
Missing character: There is no î in font cmr9!
 [134]
Missing character: There is no ‚ in font cmr9!
Missing character: There is no Ä in font cmr9!
Missing character: There is no ô in font cmr9!
 [135]
Missing character: There is no ‚ in font cmr9!
Missing character: There is no Ä in font cmr9!
Missing character: There is no ò in font cmr9!
Missing character: There is no ‚ in font cmr9!
Missing character: There is no Ä in font cmr9!
Missing character: There is no ô in font cmr9!
Missing character: There is no ‚ in font cmr9!
Missing character: There is no Ä in font cmr9!
Missing character: There is no ò in font cmr9!
Missing character: There is no ‚ in font cmr9!
Missing character: There is no Ä in font cmr9!
Missing character: There is no ô in font cmr9!
 [136]
Missing character: There is no ‚ in font cmr9!
Missing character: There is no Ä in font cmr9!
Missing character: There is no ò in font cmr9!
Missing character: There is no ‚ in font cmr9!
Missing character: There is no Ä in font cmr9!
Missing character: There is no ô in font cmr9!
 [137] [138] [139]) [140]
Package atveryend Info: Empty hook `BeforeClearDocument' on input line 179.
Package atveryend Info: Empty hook `AfterLastShipout' on input line 179.

(./THESIS.aux)
Package atveryend Info: Executing hook `AtVeryEndDocument' on input line 179.
Package atveryend Info: Executing hook `AtEndAfterFileList' on input line 179.
Package rerunfilecheck Info: File `THESIS.out' has not changed.
(rerunfilecheck)             Checksum: 6C136C6938C31092B6916492FB61758F;7717.


LaTeX Font Warning: Some font shapes were not available, defaults substituted.

Package atveryend Info: Empty hook `AtVeryVeryEnd' on input line 179.
 ) 
Here is how much of TeX's memory you used:
 12568 strings out of 492982
 213267 string characters out of 6134896
 393137 words of memory out of 5000000
 15282 multiletter control sequences out of 15000+600000
 13621 words of font info for 46 fonts, out of 8000000 for 9000
 1141 hyphenation exceptions out of 8191
 41i,10n,66p,8834b,1647s stack positions out of 5000i,500n,10000p,200000b,80000s
pdfTeX warning (dest): name{Hfootnote.2} has been referenced but does not exi
st, replaced by a fixed one

pdfTeX warning (dest): name{Hfootnote.1} has been referenced but does not exist
, replaced by a fixed one

</usr/share/texlive/texmf-dist/fonts/type1/public/amsfonts/cm/cmbx10.pfb></usr/
share/texlive/texmf-dist/fonts/type1/public/amsfonts/cm/cmbx8.pfb></usr/share/t
exlive/texmf-dist/fonts/type1/public/amsfonts/cm/cmbxti10.pfb></usr/share/texli
ve/texmf-dist/fonts/type1/public/amsfonts/cm/cmcsc10.pfb></usr/share/texlive/te
xmf-dist/fonts/type1/public/amsfonts/cm/cmmi10.pfb></usr/share/texlive/texmf-di
st/fonts/type1/public/amsfonts/cm/cmmi8.pfb></usr/share/texlive/texmf-dist/font
s/type1/public/amsfonts/cm/cmmi9.pfb></usr/share/texlive/texmf-dist/fonts/type1
/public/amsfonts/cm/cmr10.pfb></usr/share/texlive/texmf-dist/fonts/type1/public
/amsfonts/cm/cmr12.pfb></usr/share/texlive/texmf-dist/fonts/type1/public/amsfon
ts/cm/cmr8.pfb></usr/share/texlive/texmf-dist/fonts/type1/public/amsfonts/cm/cm
r9.pfb></usr/share/texlive/texmf-dist/fonts/type1/public/amsfonts/cm/cmssbx10.p
fb></usr/share/texlive/texmf-dist/fonts/type1/public/amsfonts/cm/cmsy10.pfb></u
sr/share/texlive/texmf-dist/fonts/type1/public/amsfonts/cm/cmsy9.pfb></usr/shar
e/texlive/texmf-dist/fonts/type1/public/amsfonts/cm/cmti10.pfb></usr/share/texl
ive/texmf-dist/fonts/type1/public/amsfonts/cm/cmti7.pfb></usr/share/texlive/tex
mf-dist/fonts/type1/public/amsfonts/cm/cmti8.pfb></usr/share/texlive/texmf-dist
/fonts/type1/public/amsfonts/cm/cmti9.pfb>
Output written on THESIS.pdf (158 pages, 5645214 bytes).
PDF statistics:
 2627 PDF objects out of 2984 (max. 8388607)
 2338 compressed objects within 24 object streams
 641 named destinations out of 1000 (max. 500000)
 982 words of extra memory for PDF output out of 10000 (max. 10000000)

